<?xml version="1.0" encoding="UTF-8"?>
<!-- Generated by org.testng.reporters.JUnitXMLReporter -->
<testsuite hostname="Win7x64" ignored="0" name="Surefire test" tests="9" failures="3" timestamp="14 Jul 2020 06:13:21 GMT" time="130.901" errors="0">
  <testcase name="@AfterMethod tearDown" time="0.002" classname="com.acti.aq.testcasess.HomePageTest">
    <failure type="java.lang.ClassCastException" message="org.openqa.selenium.support.events.EventFiringWebDriver cannot be cast to org.testng.ITestResult">
      <![CDATA[java.lang.ClassCastException: org.openqa.selenium.support.events.EventFiringWebDriver cannot be cast to org.testng.ITestResult
at com.acti.aq.testcasess.HomePageTest.tearDown(HomePageTest.java:64)
... Removed 32 stack frames]]>
    </failure>
  </testcase> <!-- @AfterMethod tearDown -->
  <testcase name="@BeforeMethod setUp" time="0.0" classname="com.acti.aq.testcasess.HomePageTest">
    <skipped/>
  </testcase> <!-- @BeforeMethod setUp -->
  <testcase name="@AfterMethod tearDown" time="0.0" classname="com.acti.aq.testcasess.HomePageTest">
    <skipped/>
  </testcase> <!-- @AfterMethod tearDown -->
  <testcase name="@BeforeMethod setUp" time="0.0" classname="com.acti.aq.testcasess.HomePageTest">
    <skipped/>
  </testcase> <!-- @BeforeMethod setUp -->
  <testcase name="@AfterMethod tearDown" time="0.0" classname="com.acti.aq.testcasess.HomePageTest">
    <skipped/>
  </testcase> <!-- @AfterMethod tearDown -->
  <testcase name="verifyHomePageTitleTest" time="3.198" classname="com.acti.aq.testcasess.HomePageTest">
    <failure type="java.lang.AssertionError" message="Home page title not matched expected [ Enter Time-Track] but found []">
      <![CDATA[java.lang.AssertionError: Home page title not matched expected [ Enter Time-Track] but found []
at com.acti.aq.testcasess.HomePageTest.verifyHomePageTitleTest(HomePageTest.java:47)
... Removed 34 stack frames]]>
    </failure>
  </testcase> <!-- verifyHomePageTitleTest -->
  <testcase name="loginPageTitleTest" time="0.017" classname="com.acti.aq.testcasess.LoginPageTest">
    <failure type="java.lang.AssertionError" message="expected [ctiTIME - Login] but found [actiTIME - Login]">
      <![CDATA[java.lang.AssertionError: expected [ctiTIME - Login] but found [actiTIME - Login]
at com.acti.aq.testcasess.LoginPageTest.loginPageTitleTest(LoginPageTest.java:35)
... Removed 35 stack frames]]>
    </failure>
  </testcase> <!-- loginPageTitleTest -->
  <testcase name="verifyTaskPageTitleTest" time="0.029" classname="com.acti.aq.testcasess.TaskPageTest"/>
  <testcase name="ShorcutwindowTest" time="0.0" classname="com.acti.aq.testcasess.HomePageTest">
    <skipped/>
  </testcase> <!-- ShorcutwindowTest -->
  <testcase name="ActiLogoImageTest" time="0.68" classname="com.acti.aq.testcasess.LoginPageTest"/>
  <testcase name="createTask" time="21.176" classname="com.acti.aq.testcasess.TaskPageTest">
    <failure type="org.openqa.selenium.NoSuchElementException" message="no such element: Unable to locate element: {&amp;quot;method&amp;quot;:&amp;quot;xpath&amp;quot;,&amp;quot;selector&amp;quot;:&amp;quot;//*[@id=&amp;quot;ext-gen598&amp;quot;]&amp;quot;}
  (Session info: chrome=83.0.4103.116)
For documentation on this error, please visit: https://www.seleniumhq.org/exceptions/no_such_element.html
Build info: version: &amp;apos;3.141.59&amp;apos;, revision: &amp;apos;e82be7d358&amp;apos;, time: &amp;apos;2018-11-14T08:17:03&amp;apos;
System info: host: &amp;apos;WIN7X64&amp;apos;, ip: &amp;apos;192.168.43.168&amp;apos;, os.name: &amp;apos;Windows 10&amp;apos;, os.arch: &amp;apos;amd64&amp;apos;, os.version: &amp;apos;10.0&amp;apos;, java.version: &amp;apos;1.8.0_231&amp;apos;
Driver info: org.openqa.selenium.chrome.ChromeDriver
Capabilities {acceptInsecureCerts: false, browserName: chrome, browserVersion: 83.0.4103.116, chrome: {chromedriverVersion: 83.0.4103.39 (ccbf011cb2d2b..., userDataDir: C:\Users\User\AppData\Local...}, goog:chromeOptions: {debuggerAddress: localhost:54049}, javascriptEnabled: true, networkConnectionEnabled: false, pageLoadStrategy: normal, platform: WINDOWS, platformName: WINDOWS, proxy: Proxy(), setWindowRect: true, strictFileInteractability: false, timeouts: {implicit: 0, pageLoad: 300000, script: 30000}, unhandledPromptBehavior: dismiss and notify, webauthn:virtualAuthenticators: true}
Session ID: 55ff9f560d48f1128a44e09af3d19506
*** Element info: {Using=xpath, value=//*[@id=&amp;quot;ext-gen598&amp;quot;]}">
      <![CDATA[org.openqa.selenium.NoSuchElementException: no such element: Unable to locate element: {"method":"xpath","selector":"//*[@id="ext-gen598"]"}
  (Session info: chrome=83.0.4103.116)
For documentation on this error, please visit: https://www.seleniumhq.org/exceptions/no_such_element.html
Build info: version: '3.141.59', revision: 'e82be7d358', time: '2018-11-14T08:17:03'
System info: host: 'WIN7X64', ip: '192.168.43.168', os.name: 'Windows 10', os.arch: 'amd64', os.version: '10.0', java.version: '1.8.0_231'
Driver info: org.openqa.selenium.chrome.ChromeDriver
Capabilities {acceptInsecureCerts: false, browserName: chrome, browserVersion: 83.0.4103.116, chrome: {chromedriverVersion: 83.0.4103.39 (ccbf011cb2d2b..., userDataDir: C:\Users\User\AppData\Local...}, goog:chromeOptions: {debuggerAddress: localhost:54049}, javascriptEnabled: true, networkConnectionEnabled: false, pageLoadStrategy: normal, platform: WINDOWS, platformName: WINDOWS, proxy: Proxy(), setWindowRect: true, strictFileInteractability: false, timeouts: {implicit: 0, pageLoad: 300000, script: 30000}, unhandledPromptBehavior: dismiss and notify, webauthn:virtualAuthenticators: true}
Session ID: 55ff9f560d48f1128a44e09af3d19506
*** Element info: {Using=xpath, value=//*[@id="ext-gen598"]}
at org.openqa.selenium.remote.http.W3CHttpResponseCodec.createException(W3CHttpResponseCodec.java:187)
at org.openqa.selenium.remote.http.W3CHttpResponseCodec.decode(W3CHttpResponseCodec.java:122)
at org.openqa.selenium.remote.http.W3CHttpResponseCodec.decode(W3CHttpResponseCodec.java:49)
at org.openqa.selenium.remote.HttpCommandExecutor.execute(HttpCommandExecutor.java:158)
at org.openqa.selenium.remote.service.DriverCommandExecutor.execute(DriverCommandExecutor.java:83)
at org.openqa.selenium.remote.RemoteWebDriver.execute(RemoteWebDriver.java:552)
at org.openqa.selenium.remote.RemoteWebDriver.findElement(RemoteWebDriver.java:323)
at org.openqa.selenium.remote.RemoteWebDriver.findElementByXPath(RemoteWebDriver.java:428)
at org.openqa.selenium.By$ByXPath.findElement(By.java:353)
at org.openqa.selenium.remote.RemoteWebDriver.findElement(RemoteWebDriver.java:315)
at org.openqa.selenium.support.events.EventFiringWebDriver.lambda$new$1(EventFiringWebDriver.java:105)
at com.sun.proxy.$Proxy5.findElement(Unknown Source)
at org.openqa.selenium.support.events.EventFiringWebDriver.findElement(EventFiringWebDriver.java:194)
at org.openqa.selenium.support.pagefactory.DefaultElementLocator.findElement(DefaultElementLocator.java:69)
at org.openqa.selenium.support.pagefactory.internal.LocatingElementHandler.invoke(LocatingElementHandler.java:38)
at com.sun.proxy.$Proxy9.click(Unknown Source)
at com.acti.qa.pages.TaskPage.selectcustomerandproject(TaskPage.java:58)
at com.acti.aq.testcasess.TaskPageTest.createTask(TaskPageTest.java:49)
... Removed 36 stack frames]]>
    </failure>
  </testcase> <!-- createTask -->
  <testcase name="LagoutTest" time="0.0" classname="com.acti.aq.testcasess.HomePageTest">
    <skipped/>
  </testcase> <!-- LagoutTest -->
  <testcase name="loginTest" time="0.768" classname="com.acti.aq.testcasess.LoginPageTest"/>
  <testcase name="LagoutTest" time="0.826" classname="com.acti.aq.testcasess.TaskPageTest"/>
</testsuite> <!-- Surefire test -->
